<?xml version="1.0" encoding="UTF-8"?>
<!-- Generated by org.testng.reporters.JUnitReportReporter -->
<testsuite hostname="LD-DiptiRanjan" failures="0" tests="1" name="Test.TestClass" time="21.250" errors="0" timestamp="2023-06-19T16:17:57 IST" skipped="0">
  <testcase classname="Test.TestClass" name="execution" time="21.250"/>
  <system-out/>
</testsuite> <!-- Test.TestClass -->
